[     545ms] [INFO] %cDownload the React DevTools for a better development experience: https://react.dev/link/react-devtools font-weight:bold @ http://localhost:5173/node_modules/.vite/deps/react-dom_client.js?v=ad06df5a:20100
[ 1356516ms] [INFO] %cDownload the React DevTools for a better development experience: https://react.dev/link/react-devtools font-weight:bold @ http://localhost:5173/node_modules/.vite/deps/react-dom_client.js?v=ad06df5a:20100
[ 1546723ms] ReferenceError: AirbnbMark is not defined
    at App (http://localhost:5173/src/App.jsx?t=1781119210828:82:34)
    at Object.react_stack_bottom_frame (http://localhost:5173/node_modules/.vite/deps/react-dom_client.js?v=ad06df5a:18507:20)
    at renderWithHooks (http://localhost:5173/node_modules/.vite/deps/react-dom_client.js?v=ad06df5a:5652:24)
    at updateFunctionComponent (http://localhost:5173/node_modules/.vite/deps/react-dom_client.js?v=ad06df5a:7473:21)
    at beginWork (http://localhost:5173/node_modules/.vite/deps/react-dom_client.js?v=ad06df5a:8523:20)
    at runWithFiberInDEV (http://localhost:5173/node_modules/.vite/deps/react-dom_client.js?v=ad06df5a:995:72)
    at performUnitOfWork (http://localhost:5173/node_modules/.vite/deps/react-dom_client.js?v=ad06df5a:12559:98)
    at workLoopSync (http://localhost:5173/node_modules/.vite/deps/react-dom_client.js?v=ad06df5a:12422:43)
    at renderRootSync (http://localhost:5173/node_modules/.vite/deps/react-dom_client.js?v=ad06df5a:12406:13)
    at performWorkOnRoot (http://localhost:5173/node_modules/.vite/deps/react-dom_client.js?v=ad06df5a:11825:37)
[ 1546716ms] [WARNING] %s

%s
 An error occurred in the <App> component. Consider adding an error boundary to your tree to customize error handling behavior.
Visit https://react.dev/link/error-boundaries to learn more about error boundaries. @ http://localhost:5173/node_modules/.vite/deps/react-dom_client.js?v=ad06df5a:6963
[ 1580409ms] ReferenceError: CircleDot is not defined
    at http://localhost:5173/src/components/Properties.jsx?t=1781119244531:197:36
    at Array.map (<anonymous>)
    at Properties (http://localhost:5173/src/components/Properties.jsx?t=1781119244531:189:127)
    at Object.react_stack_bottom_frame (http://localhost:5173/node_modules/.vite/deps/react-dom_client.js?v=ad06df5a:18507:20)
    at renderWithHooks (http://localhost:5173/node_modules/.vite/deps/react-dom_client.js?v=ad06df5a:5652:24)
    at updateFunctionComponent (http://localhost:5173/node_modules/.vite/deps/react-dom_client.js?v=ad06df5a:7473:21)
    at beginWork (http://localhost:5173/node_modules/.vite/deps/react-dom_client.js?v=ad06df5a:8523:20)
    at runWithFiberInDEV (http://localhost:5173/node_modules/.vite/deps/react-dom_client.js?v=ad06df5a:995:72)
    at performUnitOfWork (http://localhost:5173/node_modules/.vite/deps/react-dom_client.js?v=ad06df5a:12559:98)
    at workLoopSync (http://localhost:5173/node_modules/.vite/deps/react-dom_client.js?v=ad06df5a:12422:43)
[ 1580409ms] [WARNING] %s

%s
 An error occurred in the <Properties> component. Consider adding an error boundary to your tree to customize error handling behavior.
Visit https://react.dev/link/error-boundaries to learn more about error boundaries. @ http://localhost:5173/node_modules/.vite/deps/react-dom_client.js?v=ad06df5a:6963
